<?xml version="1.0" ?>
<testsuite errors="0" failures="0" name="test_addbook.addTest-20201030172533" tests="1" time="0.000">
	<testcase classname="test_addbook.addTest" name="test_add" time="0.000"/>
	<system-out>
<![CDATA[Book: {'Title': 'Book1', 'Author': 'Author1'}
Book: {'Title': 'Book1', 'Author': 'Author1'}
books: []
]]>	</system-out>
	<system-err>
<![CDATA[]]>	</system-err>
</testsuite>
