<?xml version="1.0" ?>
<testsuite errors="0" failures="0" name="test_addbook.addTest-20201030174347" tests="1" time="0.002">
	<testcase classname="test_addbook.addTest" name="test_add" time="0.002"/>
	<system-out>
<![CDATA[Book: {'Title': 'Book1', 'Author': 'Author1'}
Book: {'Title': 'Book1', 'Author': 'Author1'}
Book: {'Title': 'Book2', 'Author': 'Author2'}
books: [{"Title": "Book2", "Author": "Author2"}]
]]>	</system-out>
	<system-err>
<![CDATA[]]>	</system-err>
</testsuite>
